<?xml version="1.0" encoding="UTF-8"?>
<testsuite xmlns:xsi="http://www.w3.org/2001/XMLSchema-instance" xsi:noNamespaceSchemaLocation="https://maven.apache.org/surefire/maven-surefire-plugin/xsd/surefire-test-report-3.0.xsd" version="3.0" name="com.tecmx.ordermanagement.service.OrderServiceTest$ConfirmOrderTests" time="0.005" tests="4" errors="0" skipped="0" failures="0">
  <properties>
[...]
</properties>
  <testcase name="shouldThrowResourceNotFoundWhenOrderDoesNotExist" classname="com.tecmx.ordermanagement.service.OrderServiceTest$ConfirmOrderTests" time="0.001"/>
  <testcase name="shouldConfirmOrderSuccessfully" classname="com.tecmx.ordermanagement.service.OrderServiceTest$ConfirmOrderTests" time="0.001">
    <system-out><![CDATA[2026-04-06 07:20:04.369 [main] DEBUG c.t.ordermanagement.model.OrderItem - Calculated subtotal for product PROD-001: 999.99 x 1 = 999.99
2026-04-06 07:20:04.370 [main] INFO  c.tecmx.ordermanagement.model.Order - Calculated total for order ORD-001: 999.99
2026-04-06 07:20:04.370 [main] INFO  c.t.o.service.OrderService - Order ORD-001 confirmed with 1 items, total: 999.99
]]></system-out>
  </testcase>
  <testcase name="shouldThrowBusinessRuleExceptionWhenOrderNotCreated" classname="com.tecmx.ordermanagement.service.OrderServiceTest$ConfirmOrderTests" time="0.001"/>
  <testcase name="shouldThrowBusinessRuleExceptionWhenOrderHasNoItems" classname="com.tecmx.ordermanagement.service.OrderServiceTest$ConfirmOrderTests" time="0.001"/>
</testsuite>